<?xml version="1.0" encoding="UTF-8"?>
<!-- Generated by org.testng.reporters.JUnitXMLReporter -->
<testsuite hostname="DESKTOP-7C7M603" ignored="8" name="Default test" tests="6" failures="1" timestamp="20 Jul 2019 17:59:45 GMT" time="99.171" errors="0">
  <testcase name="@BeforeClass isSkip" time="0.0" classname="com.companyName.projectName.module.testCases.TC002_Create_An_Account">
    <skipped/>
  </testcase> <!-- @BeforeClass isSkip -->
  <testcase name="@BeforeClass isSkip" time="0.0" classname="com.companyName.projectName.module.testCases.TC004_Create_An_Account">
    <skipped/>
  </testcase> <!-- @BeforeClass isSkip -->
  <testcase name="TC001_Create_an_Account" time="23.405" classname="com.companyName.projectName.module.testCases.TC001_Create_An_Account"/>
  <testcase name="TC002_Create_an_Account" time="0.0" classname="com.companyName.projectName.module.testCases.TC002_Create_An_Account">
    <skipped/>
  </testcase> <!-- TC002_Create_an_Account -->
  <testcase name="TC003_Create_an_Account" time="24.606" classname="com.companyName.projectName.module.testCases.TC003_Create_An_Account">
    <skipped/>
  </testcase> <!-- TC003_Create_an_Account -->
  <testcase name="TC003_Create_an_Account" time="23.731" classname="com.companyName.projectName.module.testCases.TC003_Create_An_Account">
    <failure type="java.lang.AssertionError" message="Please enter all required fields">
      <![CDATA[java.lang.AssertionError: Please enter all required fields
	at org.testng.Assert.fail(Assert.java:93)
	at com.companyName.projectName.module.pages.LandingPage.registerUser(LandingPage.java:105)
	at com.companyName.projectName.module.testCases.TC003_Create_An_Account.TC003_Create_an_Account(TC003_Create_An_Account.java:31)
	at sun.reflect.NativeMethodAccessorImpl.invoke0(Native Method)
	at sun.reflect.NativeMethodAccessorImpl.invoke(Unknown Source)
	at sun.reflect.DelegatingMethodAccessorImpl.invoke(Unknown Source)
	at java.lang.reflect.Method.invoke(Unknown Source)
	at org.testng.internal.MethodInvocationHelper.invokeMethod(MethodInvocationHelper.java:108)
	at org.testng.internal.Invoker.invokeMethod(Invoker.java:661)
	at org.testng.internal.Invoker.retryFailed(Invoker.java:1014)
	at org.testng.internal.Invoker.invokeTestMethods(Invoker.java:1215)
	at org.testng.internal.TestMethodWorker.invokeTestMethods(TestMethodWorker.java:126)
	at org.testng.internal.TestMethodWorker.run(TestMethodWorker.java:109)
	at org.testng.TestRunner.privateRun(TestRunner.java:744)
	at org.testng.TestRunner.run(TestRunner.java:602)
	at org.testng.SuiteRunner.runTest(SuiteRunner.java:380)
	at org.testng.SuiteRunner.runSequentially(SuiteRunner.java:375)
	at org.testng.SuiteRunner.privateRun(SuiteRunner.java:340)
	at org.testng.SuiteRunner.run(SuiteRunner.java:289)
	at org.testng.SuiteRunnerWorker.runSuite(SuiteRunnerWorker.java:52)
	at org.testng.SuiteRunnerWorker.run(SuiteRunnerWorker.java:86)
	at org.testng.TestNG.runSuitesSequentially(TestNG.java:1301)
	at org.testng.TestNG.runSuitesLocally(TestNG.java:1226)
	at org.testng.TestNG.runSuites(TestNG.java:1144)
	at org.testng.TestNG.run(TestNG.java:1115)
	at org.apache.maven.surefire.testng.TestNGExecutor.run(TestNGExecutor.java:295)
	at org.apache.maven.surefire.testng.TestNGXmlTestSuite.execute(TestNGXmlTestSuite.java:84)
	at org.apache.maven.surefire.testng.TestNGProvider.invoke(TestNGProvider.java:90)
	at org.apache.maven.surefire.booter.ForkedBooter.invokeProviderInSameClassLoader(ForkedBooter.java:203)
	at org.apache.maven.surefire.booter.ForkedBooter.runSuitesInProcess(ForkedBooter.java:155)
	at org.apache.maven.surefire.booter.ForkedBooter.main(ForkedBooter.java:103)
]]>
    </failure>
  </testcase> <!-- TC003_Create_an_Account -->
  <testcase name="TC004_Create_an_Account" time="0.0" classname="com.companyName.projectName.module.testCases.TC004_Create_An_Account">
    <skipped/>
  </testcase> <!-- TC004_Create_an_Account -->
  <testcase name="TC005_Create_an_Account" time="22.754" classname="com.companyName.projectName.module.testCases.TC005_Create_An_Account"/>
  <testcase name="@AfterSuite writeIntoExtentReport" time="0.0" classname="com.companyName.projectName.module.testBase4thMay.TastBase4thMay">
    <ignored/>
  </testcase> <!-- @AfterSuite writeIntoExtentReport -->
  <testcase name="@AfterSuite writeIntoExtentReport" time="0.0" classname="com.companyName.projectName.module.testBase4thMay.TastBase4thMay">
    <ignored/>
  </testcase> <!-- @AfterSuite writeIntoExtentReport -->
  <testcase name="@AfterSuite writeIntoExtentReport" time="0.0" classname="com.companyName.projectName.module.testBase4thMay.TastBase4thMay">
    <ignored/>
  </testcase> <!-- @AfterSuite writeIntoExtentReport -->
  <testcase name="@AfterSuite writeIntoExtentReport" time="0.0" classname="com.companyName.projectName.module.testBase4thMay.TastBase4thMay">
    <ignored/>
  </testcase> <!-- @AfterSuite writeIntoExtentReport -->
  <testcase name="@BeforeSuite loadFilesAndsetUpReports" time="0.0" classname="com.companyName.projectName.module.testBase4thMay.TastBase4thMay">
    <ignored/>
  </testcase> <!-- @BeforeSuite loadFilesAndsetUpReports -->
  <testcase name="@BeforeSuite loadFilesAndsetUpReports" time="0.0" classname="com.companyName.projectName.module.testBase4thMay.TastBase4thMay">
    <ignored/>
  </testcase> <!-- @BeforeSuite loadFilesAndsetUpReports -->
  <testcase name="@BeforeSuite loadFilesAndsetUpReports" time="0.0" classname="com.companyName.projectName.module.testBase4thMay.TastBase4thMay">
    <ignored/>
  </testcase> <!-- @BeforeSuite loadFilesAndsetUpReports -->
  <testcase name="@BeforeSuite loadFilesAndsetUpReports" time="0.0" classname="com.companyName.projectName.module.testBase4thMay.TastBase4thMay">
    <ignored/>
  </testcase> <!-- @BeforeSuite loadFilesAndsetUpReports -->
</testsuite> <!-- Default test -->
