<?xml version="1.0" encoding="UTF-8"?>
<testng-results skipped="3" failed="1" ignored="8" total="14" passed="2">
  <reporter-output>
    <line>
      <![CDATA[********* Config file has been loaded ***********]]>
    </line>
    <line>
      <![CDATA[********* OR file has been loaded ***********]]>
    </line>
    <line>
      <![CDATA[******* Chrome Driver has been launched ********]]>
    </line>
    <line>
      <![CDATA[User is redirested to Application URL:- http://automationpractice.com/index.php]]>
    </line>
    <line>
      <![CDATA[Starting execution of Test Case:- TC001_Create_an_Account]]>
    </line>
    <line>
      <![CDATA[The Title of the page is :-My Store]]>
    </line>
    <line>
      <![CDATA[signIn button is clicked.]]>
    </line>
    <line>
      <![CDATA[Email ID has been entered.]]>
    </line>
    <line>
      <![CDATA[create an account button is clicked.]]>
    </line>
    <line>
      <![CDATA[Mr. Title is selected.]]>
    </line>
    <line>
      <![CDATA[first_Name has been entered.]]>
    </line>
    <line>
      <![CDATA[last_Name has been entered.]]>
    </line>
    <line>
      <![CDATA[password has been entered.]]>
    </line>
    <line>
      <![CDATA[*** Script execution for TC001_Create_an_Account is completed. *** ]]>
    </line>
    <line>
      <![CDATA[TC002_Create_an_Account Test case is skipped by listener as Run mode set to N]]>
    </line>
    <line>
      <![CDATA[******* Chrome Driver has been launched ********]]>
    </line>
    <line>
      <![CDATA[User is redirested to Application URL:- http://automationpractice.com/index.php]]>
    </line>
    <line>
      <![CDATA[Starting execution of Test Case:- TC003_Create_an_Account]]>
    </line>
    <line>
      <![CDATA[The Title of the page is :-My Store]]>
    </line>
    <line>
      <![CDATA[signIn button is clicked.]]>
    </line>
    <line>
      <![CDATA[Email ID has been entered.]]>
    </line>
    <line>
      <![CDATA[create an account button is clicked.]]>
    </line>
    <line>
      <![CDATA[Mr. Title is selected.]]>
    </line>
    <line>
      <![CDATA[first_Name has been entered.]]>
    </line>
    <line>
      <![CDATA[last_Name has been entered.]]>
    </line>
    <line>
      <![CDATA[password has been entered.]]>
    </line>
    <line>
      <![CDATA[Register button is clicked.]]>
    </line>
    <line>
      <![CDATA[Retrying test TC003_Create_an_Account with status FAILURE for the 1 time(s).]]>
    </line>
    <line>
      <![CDATA[TC003_Create_an_Account Test case is skipped by listener as Run mode set to N]]>
    </line>
    <line>
      <![CDATA[Test case is skipped by listener due to:-:TC003_Create_an_Account]]>
    </line>
    <line>
      <![CDATA[******* Chrome Driver has been launched ********]]>
    </line>
    <line>
      <![CDATA[User is redirested to Application URL:- http://automationpractice.com/index.php]]>
    </line>
    <line>
      <![CDATA[Starting execution of Test Case:- TC003_Create_an_Account]]>
    </line>
    <line>
      <![CDATA[The Title of the page is :-My Store]]>
    </line>
    <line>
      <![CDATA[signIn button is clicked.]]>
    </line>
    <line>
      <![CDATA[Email ID has been entered.]]>
    </line>
    <line>
      <![CDATA[create an account button is clicked.]]>
    </line>
    <line>
      <![CDATA[Mr. Title is selected.]]>
    </line>
    <line>
      <![CDATA[first_Name has been entered.]]>
    </line>
    <line>
      <![CDATA[last_Name has been entered.]]>
    </line>
    <line>
      <![CDATA[password has been entered.]]>
    </line>
    <line>
      <![CDATA[Register button is clicked.]]>
    </line>
    <line>
      <![CDATA[Test case fail due to:- java.lang.AssertionError: Please enter all required fields]]>
    </line>
    <line>
      <![CDATA[<a href='E:\Study Material\Automation_World-Training\workspace\Batch4thMayMavenProject\src\test\resources\screenShots\Failed\TC003_Create_an_Account_20_07_2019_11_29_20.png'> <img src='E:\Study Material\Automation_World-Training\workspace\Batch4thMayMavenProject\src\test\resources\screenShots\Failed\TC003_Create_an_Account_20_07_2019_11_29_20.png' height='100' width='100'/> </a>]]>
    </line>
    <line>
      <![CDATA[*** Script execution for TC003_Create_an_Account is Failed. *** ]]>
    </line>
    <line>
      <![CDATA[TC004_Create_an_Account Test case is skipped by listener as Run mode set to N]]>
    </line>
    <line>
      <![CDATA[******* Chrome Driver has been launched ********]]>
    </line>
    <line>
      <![CDATA[User is redirested to Application URL:- http://automationpractice.com/index.php]]>
    </line>
    <line>
      <![CDATA[Starting execution of Test Case:- TC005_Create_an_Account]]>
    </line>
    <line>
      <![CDATA[The Title of the page is :-My Store]]>
    </line>
    <line>
      <![CDATA[signIn button is clicked.]]>
    </line>
    <line>
      <![CDATA[Email ID has been entered.]]>
    </line>
    <line>
      <![CDATA[create an account button is clicked.]]>
    </line>
    <line>
      <![CDATA[Mr. Title is selected.]]>
    </line>
    <line>
      <![CDATA[first_Name has been entered.]]>
    </line>
    <line>
      <![CDATA[last_Name has been entered.]]>
    </line>
    <line>
      <![CDATA[password has been entered.]]>
    </line>
    <line>
      <![CDATA[*** Script execution for TC005_Create_an_Account is completed. *** ]]>
    </line>
  </reporter-output>
  <suite name="Default suite" duration-ms="99171" started-at="2019-07-20T17:58:06Z" finished-at="2019-07-20T17:59:45Z">
    <groups>
    </groups>
    <test name="Default test" duration-ms="99171" started-at="2019-07-20T17:58:06Z" finished-at="2019-07-20T17:59:45Z">
      <class name="com.companyName.projectName.module.testCases.TC004_Create_An_Account">
        <test-method status="SKIP" signature="isSkip()[pri:0, instance:com.companyName.projectName.module.testCases.TC004_Create_An_Account@1969fbe]" name="isSkip" is-config="true" duration-ms="0" started-at="2019-07-20T23:29:22Z" finished-at="2019-07-20T23:29:22Z">
          <exception class="org.testng.SkipException">
            <message>
              <![CDATA[Skipping Test case as it's Run Mode is set to N]]>
            </message>
            <full-stacktrace>
              <![CDATA[org.testng.SkipException: Skipping Test case as it's Run Mode is set to N
	at com.companyName.projectName.module.testCases.TC004_Create_An_Account.isSkip(TC004_Create_An_Account.java:17)
	at sun.reflect.NativeMethodAccessorImpl.invoke0(Native Method)
	at sun.reflect.NativeMethodAccessorImpl.invoke(Unknown Source)
	at sun.reflect.DelegatingMethodAccessorImpl.invoke(Unknown Source)
	at java.lang.reflect.Method.invoke(Unknown Source)
	at org.testng.internal.MethodInvocationHelper.invokeMethod(MethodInvocationHelper.java:108)
	at org.testng.internal.Invoker.invokeConfigurationMethod(Invoker.java:523)
	at org.testng.internal.Invoker.invokeConfigurations(Invoker.java:224)
	at org.testng.internal.Invoker.invokeConfigurations(Invoker.java:146)
	at org.testng.internal.TestMethodWorker.invokeBeforeClassMethods(TestMethodWorker.java:166)
	at org.testng.internal.TestMethodWorker.run(TestMethodWorker.java:105)
	at org.testng.TestRunner.privateRun(TestRunner.java:744)
	at org.testng.TestRunner.run(TestRunner.java:602)
	at org.testng.SuiteRunner.runTest(SuiteRunner.java:380)
	at org.testng.SuiteRunner.runSequentially(SuiteRunner.java:375)
	at org.testng.SuiteRunner.privateRun(SuiteRunner.java:340)
	at org.testng.SuiteRunner.run(SuiteRunner.java:289)
	at org.testng.SuiteRunnerWorker.runSuite(SuiteRunnerWorker.java:52)
	at org.testng.SuiteRunnerWorker.run(SuiteRunnerWorker.java:86)
	at org.testng.TestNG.runSuitesSequentially(TestNG.java:1301)
	at org.testng.TestNG.runSuitesLocally(TestNG.java:1226)
	at org.testng.TestNG.runSuites(TestNG.java:1144)
	at org.testng.TestNG.run(TestNG.java:1115)
	at org.apache.maven.surefire.testng.TestNGExecutor.run(TestNGExecutor.java:295)
	at org.apache.maven.surefire.testng.TestNGXmlTestSuite.execute(TestNGXmlTestSuite.java:84)
	at org.apache.maven.surefire.testng.TestNGProvider.invoke(TestNGProvider.java:90)
	at org.apache.maven.surefire.booter.ForkedBooter.invokeProviderInSameClassLoader(ForkedBooter.java:203)
	at org.apache.maven.surefire.booter.ForkedBooter.runSuitesInProcess(ForkedBooter.java:155)
	at org.apache.maven.surefire.booter.ForkedBooter.main(ForkedBooter.java:103)
]]>
            </full-stacktrace>
          </exception> <!-- org.testng.SkipException -->
          <reporter-output>
          </reporter-output>
        </test-method> <!-- isSkip -->
        <test-method status="SKIP" signature="TC004_Create_an_Account(java.util.Hashtable)[pri:0, instance:com.companyName.projectName.module.testCases.TC004_Create_An_Account@1969fbe]" name="TC004_Create_an_Account" duration-ms="0" started-at="2019-07-20T23:29:22Z" data-provider="Data_Collections" finished-at="2019-07-20T23:29:22Z">
          <exception class="org.testng.SkipException">
            <message>
              <![CDATA[Skipping Test case as it's Run Mode is set to N]]>
            </message>
            <full-stacktrace>
              <![CDATA[org.testng.SkipException: Skipping Test case as it's Run Mode is set to N
	at com.companyName.projectName.module.testCases.TC004_Create_An_Account.isSkip(TC004_Create_An_Account.java:17)
	at sun.reflect.NativeMethodAccessorImpl.invoke0(Native Method)
	at sun.reflect.NativeMethodAccessorImpl.invoke(Unknown Source)
	at sun.reflect.DelegatingMethodAccessorImpl.invoke(Unknown Source)
	at java.lang.reflect.Method.invoke(Unknown Source)
	at org.testng.internal.MethodInvocationHelper.invokeMethod(MethodInvocationHelper.java:108)
	at org.testng.internal.Invoker.invokeConfigurationMethod(Invoker.java:523)
	at org.testng.internal.Invoker.invokeConfigurations(Invoker.java:224)
	at org.testng.internal.Invoker.invokeConfigurations(Invoker.java:146)
	at org.testng.internal.TestMethodWorker.invokeBeforeClassMethods(TestMethodWorker.java:166)
	at org.testng.internal.TestMethodWorker.run(TestMethodWorker.java:105)
	at org.testng.TestRunner.privateRun(TestRunner.java:744)
	at org.testng.TestRunner.run(TestRunner.java:602)
	at org.testng.SuiteRunner.runTest(SuiteRunner.java:380)
	at org.testng.SuiteRunner.runSequentially(SuiteRunner.java:375)
	at org.testng.SuiteRunner.privateRun(SuiteRunner.java:340)
	at org.testng.SuiteRunner.run(SuiteRunner.java:289)
	at org.testng.SuiteRunnerWorker.runSuite(SuiteRunnerWorker.java:52)
	at org.testng.SuiteRunnerWorker.run(SuiteRunnerWorker.java:86)
	at org.testng.TestNG.runSuitesSequentially(TestNG.java:1301)
	at org.testng.TestNG.runSuitesLocally(TestNG.java:1226)
	at org.testng.TestNG.runSuites(TestNG.java:1144)
	at org.testng.TestNG.run(TestNG.java:1115)
	at org.apache.maven.surefire.testng.TestNGExecutor.run(TestNGExecutor.java:295)
	at org.apache.maven.surefire.testng.TestNGXmlTestSuite.execute(TestNGXmlTestSuite.java:84)
	at org.apache.maven.surefire.testng.TestNGProvider.invoke(TestNGProvider.java:90)
	at org.apache.maven.surefire.booter.ForkedBooter.invokeProviderInSameClassLoader(ForkedBooter.java:203)
	at org.apache.maven.surefire.booter.ForkedBooter.runSuitesInProcess(ForkedBooter.java:155)
	at org.apache.maven.surefire.booter.ForkedBooter.main(ForkedBooter.java:103)
]]>
            </full-stacktrace>
          </exception> <!-- org.testng.SkipException -->
          <reporter-output>
            <line>
              <![CDATA[TC004_Create_an_Account Test case is skipped by listener as Run mode set to N]]>
            </line>
          </reporter-output>
        </test-method> <!-- TC004_Create_an_Account -->
      </class> <!-- com.companyName.projectName.module.testCases.TC004_Create_An_Account -->
      <class name="com.companyName.projectName.module.testCases.TC003_Create_An_Account">
        <test-method status="PASS" signature="isSkip()[pri:0, instance:com.companyName.projectName.module.testCases.TC003_Create_An_Account@f71333]" name="isSkip" is-config="true" duration-ms="0" started-at="2019-07-20T23:28:31Z" finished-at="2019-07-20T23:28:31Z">
          <reporter-output>
          </reporter-output>
        </test-method> <!-- isSkip -->
        <test-method status="SKIP" signature="TC003_Create_an_Account(java.util.Hashtable)[pri:0, instance:com.companyName.projectName.module.testCases.TC003_Create_An_Account@f71333]" name="TC003_Create_an_Account" duration-ms="24606" started-at="2019-07-20T23:28:31Z" data-provider="Data_Collections" finished-at="2019-07-20T23:28:56Z">
          <params>
            <param index="0">
              <value>
                <![CDATA[{Email_ID=test.test1236@gmail.com, Password=Rahul#126, Iteration=1, Phone_Numer=9850658748, First_Name=Ganesh, Address=Mumbai, Last_Name=Bhosale}]]>
              </value>
            </param>
          </params>
          <exception class="java.lang.AssertionError">
            <message>
              <![CDATA[Please enter all required fields]]>
            </message>
            <full-stacktrace>
              <![CDATA[java.lang.AssertionError: Please enter all required fields
	at org.testng.Assert.fail(Assert.java:93)
	at com.companyName.projectName.module.pages.LandingPage.registerUser(LandingPage.java:105)
	at com.companyName.projectName.module.testCases.TC003_Create_An_Account.TC003_Create_an_Account(TC003_Create_An_Account.java:31)
	at sun.reflect.NativeMethodAccessorImpl.invoke0(Native Method)
	at sun.reflect.NativeMethodAccessorImpl.invoke(Unknown Source)
	at sun.reflect.DelegatingMethodAccessorImpl.invoke(Unknown Source)
	at java.lang.reflect.Method.invoke(Unknown Source)
	at org.testng.internal.MethodInvocationHelper.invokeMethod(MethodInvocationHelper.java:108)
	at org.testng.internal.Invoker.invokeMethod(Invoker.java:661)
	at org.testng.internal.Invoker.invokeTestMethod(Invoker.java:869)
	at org.testng.internal.Invoker.invokeTestMethods(Invoker.java:1193)
	at org.testng.internal.TestMethodWorker.invokeTestMethods(TestMethodWorker.java:126)
	at org.testng.internal.TestMethodWorker.run(TestMethodWorker.java:109)
	at org.testng.TestRunner.privateRun(TestRunner.java:744)
	at org.testng.TestRunner.run(TestRunner.java:602)
	at org.testng.SuiteRunner.runTest(SuiteRunner.java:380)
	at org.testng.SuiteRunner.runSequentially(SuiteRunner.java:375)
	at org.testng.SuiteRunner.privateRun(SuiteRunner.java:340)
	at org.testng.SuiteRunner.run(SuiteRunner.java:289)
	at org.testng.SuiteRunnerWorker.runSuite(SuiteRunnerWorker.java:52)
	at org.testng.SuiteRunnerWorker.run(SuiteRunnerWorker.java:86)
	at org.testng.TestNG.runSuitesSequentially(TestNG.java:1301)
	at org.testng.TestNG.runSuitesLocally(TestNG.java:1226)
	at org.testng.TestNG.runSuites(TestNG.java:1144)
	at org.testng.TestNG.run(TestNG.java:1115)
	at org.apache.maven.surefire.testng.TestNGExecutor.run(TestNGExecutor.java:295)
	at org.apache.maven.surefire.testng.TestNGXmlTestSuite.execute(TestNGXmlTestSuite.java:84)
	at org.apache.maven.surefire.testng.TestNGProvider.invoke(TestNGProvider.java:90)
	at org.apache.maven.surefire.booter.ForkedBooter.invokeProviderInSameClassLoader(ForkedBooter.java:203)
	at org.apache.maven.surefire.booter.ForkedBooter.runSuitesInProcess(ForkedBooter.java:155)
	at org.apache.maven.surefire.booter.ForkedBooter.main(ForkedBooter.java:103)
]]>
            </full-stacktrace>
          </exception> <!-- java.lang.AssertionError -->
          <reporter-output>
            <line>
              <![CDATA[******* Chrome Driver has been launched ********]]>
            </line>
            <line>
              <![CDATA[User is redirested to Application URL:- http://automationpractice.com/index.php]]>
            </line>
            <line>
              <![CDATA[Starting execution of Test Case:- TC003_Create_an_Account]]>
            </line>
            <line>
              <![CDATA[The Title of the page is :-My Store]]>
            </line>
            <line>
              <![CDATA[signIn button is clicked.]]>
            </line>
            <line>
              <![CDATA[Email ID has been entered.]]>
            </line>
            <line>
              <![CDATA[create an account button is clicked.]]>
            </line>
            <line>
              <![CDATA[Mr. Title is selected.]]>
            </line>
            <line>
              <![CDATA[first_Name has been entered.]]>
            </line>
            <line>
              <![CDATA[last_Name has been entered.]]>
            </line>
            <line>
              <![CDATA[password has been entered.]]>
            </line>
            <line>
              <![CDATA[Register button is clicked.]]>
            </line>
            <line>
              <![CDATA[Retrying test TC003_Create_an_Account with status FAILURE for the 1 time(s).]]>
            </line>
            <line>
              <![CDATA[TC003_Create_an_Account Test case is skipped by listener as Run mode set to N]]>
            </line>
            <line>
              <![CDATA[Test case is skipped by listener due to:-:TC003_Create_an_Account]]>
            </line>
          </reporter-output>
        </test-method> <!-- TC003_Create_an_Account -->
        <test-method status="FAIL" signature="TC003_Create_an_Account(java.util.Hashtable)[pri:0, instance:com.companyName.projectName.module.testCases.TC003_Create_An_Account@f71333]" name="TC003_Create_an_Account" duration-ms="23731" started-at="2019-07-20T23:28:57Z" data-provider="Data_Collections" finished-at="2019-07-20T23:29:20Z">
          <params>
            <param index="0">
              <value>
                <![CDATA[{Email_ID=test.test1236@gmail.com, Password=Rahul#126, Iteration=1, Phone_Numer=9850658748, First_Name=Ganesh, Address=Mumbai, Last_Name=Bhosale}]]>
              </value>
            </param>
          </params>
          <exception class="java.lang.AssertionError">
            <message>
              <![CDATA[Please enter all required fields]]>
            </message>
            <full-stacktrace>
              <![CDATA[java.lang.AssertionError: Please enter all required fields
	at org.testng.Assert.fail(Assert.java:93)
	at com.companyName.projectName.module.pages.LandingPage.registerUser(LandingPage.java:105)
	at com.companyName.projectName.module.testCases.TC003_Create_An_Account.TC003_Create_an_Account(TC003_Create_An_Account.java:31)
	at sun.reflect.NativeMethodAccessorImpl.invoke0(Native Method)
	at sun.reflect.NativeMethodAccessorImpl.invoke(Unknown Source)
	at sun.reflect.DelegatingMethodAccessorImpl.invoke(Unknown Source)
	at java.lang.reflect.Method.invoke(Unknown Source)
	at org.testng.internal.MethodInvocationHelper.invokeMethod(MethodInvocationHelper.java:108)
	at org.testng.internal.Invoker.invokeMethod(Invoker.java:661)
	at org.testng.internal.Invoker.retryFailed(Invoker.java:1014)
	at org.testng.internal.Invoker.invokeTestMethods(Invoker.java:1215)
	at org.testng.internal.TestMethodWorker.invokeTestMethods(TestMethodWorker.java:126)
	at org.testng.internal.TestMethodWorker.run(TestMethodWorker.java:109)
	at org.testng.TestRunner.privateRun(TestRunner.java:744)
	at org.testng.TestRunner.run(TestRunner.java:602)
	at org.testng.SuiteRunner.runTest(SuiteRunner.java:380)
	at org.testng.SuiteRunner.runSequentially(SuiteRunner.java:375)
	at org.testng.SuiteRunner.privateRun(SuiteRunner.java:340)
	at org.testng.SuiteRunner.run(SuiteRunner.java:289)
	at org.testng.SuiteRunnerWorker.runSuite(SuiteRunnerWorker.java:52)
	at org.testng.SuiteRunnerWorker.run(SuiteRunnerWorker.java:86)
	at org.testng.TestNG.runSuitesSequentially(TestNG.java:1301)
	at org.testng.TestNG.runSuitesLocally(TestNG.java:1226)
	at org.testng.TestNG.runSuites(TestNG.java:1144)
	at org.testng.TestNG.run(TestNG.java:1115)
	at org.apache.maven.surefire.testng.TestNGExecutor.run(TestNGExecutor.java:295)
	at org.apache.maven.surefire.testng.TestNGXmlTestSuite.execute(TestNGXmlTestSuite.java:84)
	at org.apache.maven.surefire.testng.TestNGProvider.invoke(TestNGProvider.java:90)
	at org.apache.maven.surefire.booter.ForkedBooter.invokeProviderInSameClassLoader(ForkedBooter.java:203)
	at org.apache.maven.surefire.booter.ForkedBooter.runSuitesInProcess(ForkedBooter.java:155)
	at org.apache.maven.surefire.booter.ForkedBooter.main(ForkedBooter.java:103)
]]>
            </full-stacktrace>
          </exception> <!-- java.lang.AssertionError -->
          <reporter-output>
            <line>
              <![CDATA[******* Chrome Driver has been launched ********]]>
            </line>
            <line>
              <![CDATA[User is redirested to Application URL:- http://automationpractice.com/index.php]]>
            </line>
            <line>
              <![CDATA[Starting execution of Test Case:- TC003_Create_an_Account]]>
            </line>
            <line>
              <![CDATA[The Title of the page is :-My Store]]>
            </line>
            <line>
              <![CDATA[signIn button is clicked.]]>
            </line>
            <line>
              <![CDATA[Email ID has been entered.]]>
            </line>
            <line>
              <![CDATA[create an account button is clicked.]]>
            </line>
            <line>
              <![CDATA[Mr. Title is selected.]]>
            </line>
            <line>
              <![CDATA[first_Name has been entered.]]>
            </line>
            <line>
              <![CDATA[last_Name has been entered.]]>
            </line>
            <line>
              <![CDATA[password has been entered.]]>
            </line>
            <line>
              <![CDATA[Register button is clicked.]]>
            </line>
            <line>
              <![CDATA[Test case fail due to:- java.lang.AssertionError: Please enter all required fields]]>
            </line>
            <line>
              <![CDATA[<a href='E:\Study Material\Automation_World-Training\workspace\Batch4thMayMavenProject\src\test\resources\screenShots\Failed\TC003_Create_an_Account_20_07_2019_11_29_20.png'> <img src='E:\Study Material\Automation_World-Training\workspace\Batch4thMayMavenProject\src\test\resources\screenShots\Failed\TC003_Create_an_Account_20_07_2019_11_29_20.png' height='100' width='100'/> </a>]]>
            </line>
            <line>
              <![CDATA[*** Script execution for TC003_Create_an_Account is Failed. *** ]]>
            </line>
          </reporter-output>
        </test-method> <!-- TC003_Create_an_Account -->
      </class> <!-- com.companyName.projectName.module.testCases.TC003_Create_An_Account -->
      <class name="com.companyName.projectName.module.testCases.TC005_Create_An_Account">
        <test-method status="PASS" signature="isSkip()[pri:0, instance:com.companyName.projectName.module.testCases.TC005_Create_An_Account@aa5eb0]" name="isSkip" is-config="true" duration-ms="0" started-at="2019-07-20T23:29:22Z" finished-at="2019-07-20T23:29:22Z">
          <reporter-output>
          </reporter-output>
        </test-method> <!-- isSkip -->
        <test-method status="PASS" signature="TC005_Create_an_Account(java.util.Hashtable)[pri:0, instance:com.companyName.projectName.module.testCases.TC005_Create_An_Account@aa5eb0]" name="TC005_Create_an_Account" duration-ms="22754" started-at="2019-07-20T23:29:22Z" data-provider="Data_Collections" finished-at="2019-07-20T23:29:44Z">
          <params>
            <param index="0">
              <value>
                <![CDATA[{Email_ID=test.test1234@gmail.com, Password=Rahul#124, Iteration=1, Phone_Numer=9850658748, First_Name=Sneha, Address=Singapoor, Last_Name=Soni}]]>
              </value>
            </param>
          </params>
          <reporter-output>
            <line>
              <![CDATA[******* Chrome Driver has been launched ********]]>
            </line>
            <line>
              <![CDATA[User is redirested to Application URL:- http://automationpractice.com/index.php]]>
            </line>
            <line>
              <![CDATA[Starting execution of Test Case:- TC005_Create_an_Account]]>
            </line>
            <line>
              <![CDATA[The Title of the page is :-My Store]]>
            </line>
            <line>
              <![CDATA[signIn button is clicked.]]>
            </line>
            <line>
              <![CDATA[Email ID has been entered.]]>
            </line>
            <line>
              <![CDATA[create an account button is clicked.]]>
            </line>
            <line>
              <![CDATA[Mr. Title is selected.]]>
            </line>
            <line>
              <![CDATA[first_Name has been entered.]]>
            </line>
            <line>
              <![CDATA[last_Name has been entered.]]>
            </line>
            <line>
              <![CDATA[password has been entered.]]>
            </line>
            <line>
              <![CDATA[*** Script execution for TC005_Create_an_Account is completed. *** ]]>
            </line>
          </reporter-output>
        </test-method> <!-- TC005_Create_an_Account -->
      </class> <!-- com.companyName.projectName.module.testCases.TC005_Create_An_Account -->
      <class name="com.companyName.projectName.module.testCases.TC002_Create_An_Account">
        <test-method status="SKIP" signature="TC002_Create_an_Account(java.util.Hashtable)[pri:0, instance:com.companyName.projectName.module.testCases.TC002_Create_An_Account@cd8737]" name="TC002_Create_an_Account" duration-ms="0" started-at="2019-07-20T23:28:31Z" data-provider="Data_Collections" finished-at="2019-07-20T23:28:31Z">
          <exception class="org.testng.SkipException">
            <message>
              <![CDATA[Skipping Test case as it's Run Mode is set to N]]>
            </message>
            <full-stacktrace>
              <![CDATA[org.testng.SkipException: Skipping Test case as it's Run Mode is set to N
	at com.companyName.projectName.module.testCases.TC002_Create_An_Account.isSkip(TC002_Create_An_Account.java:17)
	at sun.reflect.NativeMethodAccessorImpl.invoke0(Native Method)
	at sun.reflect.NativeMethodAccessorImpl.invoke(Unknown Source)
	at sun.reflect.DelegatingMethodAccessorImpl.invoke(Unknown Source)
	at java.lang.reflect.Method.invoke(Unknown Source)
	at org.testng.internal.MethodInvocationHelper.invokeMethod(MethodInvocationHelper.java:108)
	at org.testng.internal.Invoker.invokeConfigurationMethod(Invoker.java:523)
	at org.testng.internal.Invoker.invokeConfigurations(Invoker.java:224)
	at org.testng.internal.Invoker.invokeConfigurations(Invoker.java:146)
	at org.testng.internal.TestMethodWorker.invokeBeforeClassMethods(TestMethodWorker.java:166)
	at org.testng.internal.TestMethodWorker.run(TestMethodWorker.java:105)
	at org.testng.TestRunner.privateRun(TestRunner.java:744)
	at org.testng.TestRunner.run(TestRunner.java:602)
	at org.testng.SuiteRunner.runTest(SuiteRunner.java:380)
	at org.testng.SuiteRunner.runSequentially(SuiteRunner.java:375)
	at org.testng.SuiteRunner.privateRun(SuiteRunner.java:340)
	at org.testng.SuiteRunner.run(SuiteRunner.java:289)
	at org.testng.SuiteRunnerWorker.runSuite(SuiteRunnerWorker.java:52)
	at org.testng.SuiteRunnerWorker.run(SuiteRunnerWorker.java:86)
	at org.testng.TestNG.runSuitesSequentially(TestNG.java:1301)
	at org.testng.TestNG.runSuitesLocally(TestNG.java:1226)
	at org.testng.TestNG.runSuites(TestNG.java:1144)
	at org.testng.TestNG.run(TestNG.java:1115)
	at org.apache.maven.surefire.testng.TestNGExecutor.run(TestNGExecutor.java:295)
	at org.apache.maven.surefire.testng.TestNGXmlTestSuite.execute(TestNGXmlTestSuite.java:84)
	at org.apache.maven.surefire.testng.TestNGProvider.invoke(TestNGProvider.java:90)
	at org.apache.maven.surefire.booter.ForkedBooter.invokeProviderInSameClassLoader(ForkedBooter.java:203)
	at org.apache.maven.surefire.booter.ForkedBooter.runSuitesInProcess(ForkedBooter.java:155)
	at org.apache.maven.surefire.booter.ForkedBooter.main(ForkedBooter.java:103)
]]>
            </full-stacktrace>
          </exception> <!-- org.testng.SkipException -->
          <reporter-output>
            <line>
              <![CDATA[TC002_Create_an_Account Test case is skipped by listener as Run mode set to N]]>
            </line>
          </reporter-output>
        </test-method> <!-- TC002_Create_an_Account -->
        <test-method status="SKIP" signature="isSkip()[pri:0, instance:com.companyName.projectName.module.testCases.TC002_Create_An_Account@cd8737]" name="isSkip" is-config="true" duration-ms="0" started-at="2019-07-20T23:28:31Z" finished-at="2019-07-20T23:28:31Z">
          <exception class="org.testng.SkipException">
            <message>
              <![CDATA[Skipping Test case as it's Run Mode is set to N]]>
            </message>
            <full-stacktrace>
              <![CDATA[org.testng.SkipException: Skipping Test case as it's Run Mode is set to N
	at com.companyName.projectName.module.testCases.TC002_Create_An_Account.isSkip(TC002_Create_An_Account.java:17)
	at sun.reflect.NativeMethodAccessorImpl.invoke0(Native Method)
	at sun.reflect.NativeMethodAccessorImpl.invoke(Unknown Source)
	at sun.reflect.DelegatingMethodAccessorImpl.invoke(Unknown Source)
	at java.lang.reflect.Method.invoke(Unknown Source)
	at org.testng.internal.MethodInvocationHelper.invokeMethod(MethodInvocationHelper.java:108)
	at org.testng.internal.Invoker.invokeConfigurationMethod(Invoker.java:523)
	at org.testng.internal.Invoker.invokeConfigurations(Invoker.java:224)
	at org.testng.internal.Invoker.invokeConfigurations(Invoker.java:146)
	at org.testng.internal.TestMethodWorker.invokeBeforeClassMethods(TestMethodWorker.java:166)
	at org.testng.internal.TestMethodWorker.run(TestMethodWorker.java:105)
	at org.testng.TestRunner.privateRun(TestRunner.java:744)
	at org.testng.TestRunner.run(TestRunner.java:602)
	at org.testng.SuiteRunner.runTest(SuiteRunner.java:380)
	at org.testng.SuiteRunner.runSequentially(SuiteRunner.java:375)
	at org.testng.SuiteRunner.privateRun(SuiteRunner.java:340)
	at org.testng.SuiteRunner.run(SuiteRunner.java:289)
	at org.testng.SuiteRunnerWorker.runSuite(SuiteRunnerWorker.java:52)
	at org.testng.SuiteRunnerWorker.run(SuiteRunnerWorker.java:86)
	at org.testng.TestNG.runSuitesSequentially(TestNG.java:1301)
	at org.testng.TestNG.runSuitesLocally(TestNG.java:1226)
	at org.testng.TestNG.runSuites(TestNG.java:1144)
	at org.testng.TestNG.run(TestNG.java:1115)
	at org.apache.maven.surefire.testng.TestNGExecutor.run(TestNGExecutor.java:295)
	at org.apache.maven.surefire.testng.TestNGXmlTestSuite.execute(TestNGXmlTestSuite.java:84)
	at org.apache.maven.surefire.testng.TestNGProvider.invoke(TestNGProvider.java:90)
	at org.apache.maven.surefire.booter.ForkedBooter.invokeProviderInSameClassLoader(ForkedBooter.java:203)
	at org.apache.maven.surefire.booter.ForkedBooter.runSuitesInProcess(ForkedBooter.java:155)
	at org.apache.maven.surefire.booter.ForkedBooter.main(ForkedBooter.java:103)
]]>
            </full-stacktrace>
          </exception> <!-- org.testng.SkipException -->
          <reporter-output>
          </reporter-output>
        </test-method> <!-- isSkip -->
      </class> <!-- com.companyName.projectName.module.testCases.TC002_Create_An_Account -->
      <class name="com.companyName.projectName.module.testCases.TC001_Create_An_Account">
        <test-method status="PASS" signature="loadFilesAndsetUpReports()[pri:0, instance:com.companyName.projectName.module.testCases.TC001_Create_An_Account@1f256fa]" name="loadFilesAndsetUpReports" is-config="true" duration-ms="1500" started-at="2019-07-20T23:28:05Z" finished-at="2019-07-20T23:28:06Z">
          <reporter-output>
            <line>
              <![CDATA[********* Config file has been loaded ***********]]>
            </line>
            <line>
              <![CDATA[********* OR file has been loaded ***********]]>
            </line>
          </reporter-output>
        </test-method> <!-- loadFilesAndsetUpReports -->
        <test-method status="PASS" signature="isSkip()[pri:0, instance:com.companyName.projectName.module.testCases.TC001_Create_An_Account@1f256fa]" name="isSkip" is-config="true" duration-ms="0" started-at="2019-07-20T23:28:06Z" finished-at="2019-07-20T23:28:06Z">
          <reporter-output>
          </reporter-output>
        </test-method> <!-- isSkip -->
        <test-method status="PASS" signature="TC001_Create_an_Account(java.util.Hashtable)[pri:0, instance:com.companyName.projectName.module.testCases.TC001_Create_An_Account@1f256fa]" name="TC001_Create_an_Account" duration-ms="23405" started-at="2019-07-20T23:28:06Z" data-provider="Data_Collections" finished-at="2019-07-20T23:28:30Z">
          <params>
            <param index="0">
              <value>
                <![CDATA[{Email_ID=test.test1234@gmail.com, Password=Rahul#124, Iteration=1, Phone_Numer=9850658748, First_Name=Rahul, Address=pune, Last_Name=Ganjare}]]>
              </value>
            </param>
          </params>
          <reporter-output>
            <line>
              <![CDATA[******* Chrome Driver has been launched ********]]>
            </line>
            <line>
              <![CDATA[User is redirested to Application URL:- http://automationpractice.com/index.php]]>
            </line>
            <line>
              <![CDATA[Starting execution of Test Case:- TC001_Create_an_Account]]>
            </line>
            <line>
              <![CDATA[The Title of the page is :-My Store]]>
            </line>
            <line>
              <![CDATA[signIn button is clicked.]]>
            </line>
            <line>
              <![CDATA[Email ID has been entered.]]>
            </line>
            <line>
              <![CDATA[create an account button is clicked.]]>
            </line>
            <line>
              <![CDATA[Mr. Title is selected.]]>
            </line>
            <line>
              <![CDATA[first_Name has been entered.]]>
            </line>
            <line>
              <![CDATA[last_Name has been entered.]]>
            </line>
            <line>
              <![CDATA[password has been entered.]]>
            </line>
            <line>
              <![CDATA[*** Script execution for TC001_Create_an_Account is completed. *** ]]>
            </line>
          </reporter-output>
        </test-method> <!-- TC001_Create_an_Account -->
        <test-method status="PASS" signature="writeIntoExtentReport()[pri:0, instance:com.companyName.projectName.module.testCases.TC001_Create_An_Account@1f256fa]" name="writeIntoExtentReport" is-config="true" duration-ms="422" started-at="2019-07-20T23:29:45Z" finished-at="2019-07-20T23:29:46Z">
          <reporter-output>
          </reporter-output>
        </test-method> <!-- writeIntoExtentReport -->
      </class> <!-- com.companyName.projectName.module.testCases.TC001_Create_An_Account -->
    </test> <!-- Default test -->
  </suite> <!-- Default suite -->
</testng-results>
