<?xml version="1.0" encoding="UTF-8"?>
<testng-results skipped="2" failed="1" total="5" passed="2">
  <reporter-output>
    <line>
      <![CDATA[********* Config file has been loaded ***********]]>
    </line>
    <line>
      <![CDATA[********* OR file has been loaded ***********]]>
    </line>
    <line>
      <![CDATA[******* Chrome Driver has been launched ********]]>
    </line>
    <line>
      <![CDATA[User is redirested to Application URL:- http://automationpractice.com/index.php]]>
    </line>
    <line>
      <![CDATA[Starting execution of Test Case:- TC001_Create_an_Account]]>
    </line>
    <line>
      <![CDATA[The Title of the page is :-My Store]]>
    </line>
    <line>
      <![CDATA[signIn button is clicked.]]>
    </line>
    <line>
      <![CDATA[Email ID has been entered.]]>
    </line>
    <line>
      <![CDATA[create an account button is clicked.]]>
    </line>
    <line>
      <![CDATA[Mr. Title is selected.]]>
    </line>
    <line>
      <![CDATA[first_Name has been entered.]]>
    </line>
    <line>
      <![CDATA[last_Name has been entered.]]>
    </line>
    <line>
      <![CDATA[password has been entered.]]>
    </line>
    <line>
      <![CDATA[*** Script execution for TC001_Create_an_Account is completed. *** ]]>
    </line>
    <line>
      <![CDATA[TC002_Create_an_Account Test case is skipped by listener as Run mode set to N]]>
    </line>
    <line>
      <![CDATA[******* Chrome Driver has been launched ********]]>
    </line>
    <line>
      <![CDATA[User is redirested to Application URL:- http://automationpractice.com/index.php]]>
    </line>
    <line>
      <![CDATA[Starting execution of Test Case:- TC003_Create_an_Account]]>
    </line>
    <line>
      <![CDATA[The Title of the page is :-My Store]]>
    </line>
    <line>
      <![CDATA[signIn button is clicked.]]>
    </line>
    <line>
      <![CDATA[Email ID has been entered.]]>
    </line>
    <line>
      <![CDATA[create an account button is clicked.]]>
    </line>
    <line>
      <![CDATA[Mr. Title is selected.]]>
    </line>
    <line>
      <![CDATA[first_Name has been entered.]]>
    </line>
    <line>
      <![CDATA[last_Name has been entered.]]>
    </line>
    <line>
      <![CDATA[password has been entered.]]>
    </line>
    <line>
      <![CDATA[Register button is clicked.]]>
    </line>
    <line>
      <![CDATA[Retrying test TC003_Create_an_Account with status FAILURE for the 1 time(s).]]>
    </line>
    <line>
      <![CDATA[Test case fail due to:- java.lang.AssertionError: Please enter all required fields]]>
    </line>
    <line>
      <![CDATA[<a href='E:\Study Material\Automation_World-Training\workspace\Batch4thMayMavenProject\src\test\resources\screenShots\Failed\TC003_Create_an_Account_20_07_2019_10_49_07.png'> <img src='E:\Study Material\Automation_World-Training\workspace\Batch4thMayMavenProject\src\test\resources\screenShots\Failed\TC003_Create_an_Account_20_07_2019_10_49_07.png' height='100' width='100'/> </a>]]>
    </line>
    <line>
      <![CDATA[*** Script execution for TC003_Create_an_Account is Failed. *** ]]>
    </line>
    <line>
      <![CDATA[******* Chrome Driver has been launched ********]]>
    </line>
    <line>
      <![CDATA[User is redirested to Application URL:- http://automationpractice.com/index.php]]>
    </line>
    <line>
      <![CDATA[Starting execution of Test Case:- TC003_Create_an_Account]]>
    </line>
    <line>
      <![CDATA[The Title of the page is :-My Store]]>
    </line>
    <line>
      <![CDATA[signIn button is clicked.]]>
    </line>
    <line>
      <![CDATA[Email ID has been entered.]]>
    </line>
    <line>
      <![CDATA[create an account button is clicked.]]>
    </line>
    <line>
      <![CDATA[Mr. Title is selected.]]>
    </line>
    <line>
      <![CDATA[first_Name has been entered.]]>
    </line>
    <line>
      <![CDATA[last_Name has been entered.]]>
    </line>
    <line>
      <![CDATA[password has been entered.]]>
    </line>
    <line>
      <![CDATA[Register button is clicked.]]>
    </line>
    <line>
      <![CDATA[Test case fail due to:- java.lang.AssertionError: Please enter all required fields]]>
    </line>
    <line>
      <![CDATA[<a href='E:\Study Material\Automation_World-Training\workspace\Batch4thMayMavenProject\src\test\resources\screenShots\Failed\TC003_Create_an_Account_20_07_2019_10_49_31.png'> <img src='E:\Study Material\Automation_World-Training\workspace\Batch4thMayMavenProject\src\test\resources\screenShots\Failed\TC003_Create_an_Account_20_07_2019_10_49_31.png' height='100' width='100'/> </a>]]>
    </line>
    <line>
      <![CDATA[*** Script execution for TC003_Create_an_Account is Failed. *** ]]>
    </line>
    <line>
      <![CDATA[TC004_Create_an_Account Test case is skipped by listener as Run mode set to N]]>
    </line>
    <line>
      <![CDATA[******* Chrome Driver has been launched ********]]>
    </line>
    <line>
      <![CDATA[User is redirested to Application URL:- http://automationpractice.com/index.php]]>
    </line>
    <line>
      <![CDATA[Starting execution of Test Case:- TC005_Create_an_Account]]>
    </line>
    <line>
      <![CDATA[The Title of the page is :-My Store]]>
    </line>
    <line>
      <![CDATA[signIn button is clicked.]]>
    </line>
    <line>
      <![CDATA[Email ID has been entered.]]>
    </line>
    <line>
      <![CDATA[create an account button is clicked.]]>
    </line>
    <line>
      <![CDATA[Mr. Title is selected.]]>
    </line>
    <line>
      <![CDATA[first_Name has been entered.]]>
    </line>
    <line>
      <![CDATA[last_Name has been entered.]]>
    </line>
    <line>
      <![CDATA[password has been entered.]]>
    </line>
    <line>
      <![CDATA[*** Script execution for TC005_Create_an_Account is completed. *** ]]>
    </line>
  </reporter-output>
  <suite name="Default suite" duration-ms="104062" started-at="2019-07-20T17:18:14Z" finished-at="2019-07-20T17:19:58Z">
    <groups>
    </groups>
    <test name="Default test" duration-ms="104062" started-at="2019-07-20T17:18:14Z" finished-at="2019-07-20T17:19:58Z">
      <class name="com.companyName.projectName.module.testCases.TC004_Create_An_Account">
        <test-method status="SKIP" signature="isSkip()[pri:0, instance:com.companyName.projectName.module.testCases.TC004_Create_An_Account@18c7aca]" name="isSkip" is-config="true" duration-ms="0" started-at="2019-07-20T22:49:33Z" finished-at="2019-07-20T22:49:33Z">
          <exception class="org.testng.SkipException">
            <message>
              <![CDATA[Skipping Test case as it's Run Mode is set to N]]>
            </message>
            <full-stacktrace>
              <![CDATA[org.testng.SkipException: Skipping Test case as it's Run Mode is set to N
	at com.companyName.projectName.module.testCases.TC004_Create_An_Account.isSkip(TC004_Create_An_Account.java:17)
	at sun.reflect.NativeMethodAccessorImpl.invoke0(Native Method)
	at sun.reflect.NativeMethodAccessorImpl.invoke(Unknown Source)
	at sun.reflect.DelegatingMethodAccessorImpl.invoke(Unknown Source)
	at java.lang.reflect.Method.invoke(Unknown Source)
	at org.testng.internal.MethodInvocationHelper.invokeMethod(MethodInvocationHelper.java:85)
	at org.testng.internal.Invoker.invokeConfigurationMethod(Invoker.java:521)
	at org.testng.internal.Invoker.invokeConfigurations(Invoker.java:213)
	at org.testng.internal.Invoker.invokeConfigurations(Invoker.java:140)
	at org.testng.internal.TestMethodWorker.invokeBeforeClassMethods(TestMethodWorker.java:170)
	at org.testng.internal.TestMethodWorker.run(TestMethodWorker.java:104)
	at org.testng.TestRunner.privateRun(TestRunner.java:771)
	at org.testng.TestRunner.run(TestRunner.java:621)
	at org.testng.SuiteRunner.runTest(SuiteRunner.java:357)
	at org.testng.SuiteRunner.runSequentially(SuiteRunner.java:352)
	at org.testng.SuiteRunner.privateRun(SuiteRunner.java:310)
	at org.testng.SuiteRunner.run(SuiteRunner.java:259)
	at org.testng.SuiteRunnerWorker.runSuite(SuiteRunnerWorker.java:52)
	at org.testng.SuiteRunnerWorker.run(SuiteRunnerWorker.java:86)
	at org.testng.TestNG.runSuitesSequentially(TestNG.java:1200)
	at org.testng.TestNG.runSuitesLocally(TestNG.java:1125)
	at org.testng.TestNG.run(TestNG.java:1033)
	at org.testng.remote.RemoteTestNG.run(RemoteTestNG.java:111)
	at org.testng.remote.RemoteTestNG.initAndRun(RemoteTestNG.java:204)
	at org.testng.remote.RemoteTestNG.main(RemoteTestNG.java:175)
]]>
            </full-stacktrace>
          </exception> <!-- org.testng.SkipException -->
          <reporter-output>
          </reporter-output>
        </test-method> <!-- isSkip -->
        <test-method status="SKIP" signature="TC004_Create_an_Account(java.util.Hashtable)[pri:0, instance:com.companyName.projectName.module.testCases.TC004_Create_An_Account@18c7aca]" name="TC004_Create_an_Account" duration-ms="1" started-at="2019-07-20T22:49:33Z" data-provider="Data_Collections" finished-at="2019-07-20T22:49:33Z">
          <params>
            <param index="0">
              <value>
                <![CDATA[{Email_ID=test.test1237@gmail.com, Password=Rahul#127, Iteration=1, Phone_Numer=2587456547, First_Name=Snehal, Address=Delhi, Last_Name=chopade}]]>
              </value>
            </param>
          </params>
          <reporter-output>
          </reporter-output>
        </test-method> <!-- TC004_Create_an_Account -->
      </class> <!-- com.companyName.projectName.module.testCases.TC004_Create_An_Account -->
      <class name="com.companyName.projectName.module.testCases.TC003_Create_An_Account">
        <test-method status="PASS" signature="isSkip()[pri:0, instance:com.companyName.projectName.module.testCases.TC003_Create_An_Account@407d53]" name="isSkip" is-config="true" duration-ms="0" started-at="2019-07-20T22:48:41Z" finished-at="2019-07-20T22:48:41Z">
          <reporter-output>
          </reporter-output>
        </test-method> <!-- isSkip -->
        <test-method status="FAIL" signature="TC003_Create_an_Account(java.util.Hashtable)[pri:0, instance:com.companyName.projectName.module.testCases.TC003_Create_An_Account@407d53]" name="TC003_Create_an_Account" duration-ms="23367" started-at="2019-07-20T22:49:08Z" data-provider="Data_Collections" finished-at="2019-07-20T22:49:31Z">
          <params>
            <param index="0">
              <value>
                <![CDATA[{Email_ID=test.test1236@gmail.com, Password=Rahul#126, Iteration=1, Phone_Numer=9850658748, First_Name=Ganesh, Address=Mumbai, Last_Name=Bhosale}]]>
              </value>
            </param>
          </params>
          <exception class="java.lang.AssertionError">
            <message>
              <![CDATA[Please enter all required fields]]>
            </message>
            <full-stacktrace>
              <![CDATA[java.lang.AssertionError: Please enter all required fields
	at org.testng.Assert.fail(Assert.java:94)
	at com.companyName.projectName.module.pages.LandingPage.registerUser(LandingPage.java:105)
	at com.companyName.projectName.module.testCases.TC003_Create_An_Account.TC003_Create_an_Account(TC003_Create_An_Account.java:31)
	at sun.reflect.NativeMethodAccessorImpl.invoke0(Native Method)
	at sun.reflect.NativeMethodAccessorImpl.invoke(Unknown Source)
	at sun.reflect.DelegatingMethodAccessorImpl.invoke(Unknown Source)
	at java.lang.reflect.Method.invoke(Unknown Source)
	at org.testng.internal.MethodInvocationHelper.invokeMethod(MethodInvocationHelper.java:85)
	at org.testng.internal.Invoker.invokeMethod(Invoker.java:663)
	at org.testng.internal.Invoker.retryFailed(Invoker.java:995)
	at org.testng.internal.Invoker.invokeTestMethods(Invoker.java:1175)
	at org.testng.internal.TestMethodWorker.invokeTestMethods(TestMethodWorker.java:124)
	at org.testng.internal.TestMethodWorker.run(TestMethodWorker.java:108)
	at org.testng.TestRunner.privateRun(TestRunner.java:771)
	at org.testng.TestRunner.run(TestRunner.java:621)
	at org.testng.SuiteRunner.runTest(SuiteRunner.java:357)
	at org.testng.SuiteRunner.runSequentially(SuiteRunner.java:352)
	at org.testng.SuiteRunner.privateRun(SuiteRunner.java:310)
	at org.testng.SuiteRunner.run(SuiteRunner.java:259)
	at org.testng.SuiteRunnerWorker.runSuite(SuiteRunnerWorker.java:52)
	at org.testng.SuiteRunnerWorker.run(SuiteRunnerWorker.java:86)
	at org.testng.TestNG.runSuitesSequentially(TestNG.java:1200)
	at org.testng.TestNG.runSuitesLocally(TestNG.java:1125)
	at org.testng.TestNG.run(TestNG.java:1033)
	at org.testng.remote.RemoteTestNG.run(RemoteTestNG.java:111)
	at org.testng.remote.RemoteTestNG.initAndRun(RemoteTestNG.java:204)
	at org.testng.remote.RemoteTestNG.main(RemoteTestNG.java:175)
]]>
            </full-stacktrace>
          </exception> <!-- java.lang.AssertionError -->
          <reporter-output>
            <line>
              <![CDATA[The Title of the page is :-My Store]]>
            </line>
            <line>
              <![CDATA[signIn button is clicked.]]>
            </line>
            <line>
              <![CDATA[Email ID has been entered.]]>
            </line>
            <line>
              <![CDATA[create an account button is clicked.]]>
            </line>
            <line>
              <![CDATA[Mr. Title is selected.]]>
            </line>
            <line>
              <![CDATA[first_Name has been entered.]]>
            </line>
            <line>
              <![CDATA[last_Name has been entered.]]>
            </line>
            <line>
              <![CDATA[password has been entered.]]>
            </line>
            <line>
              <![CDATA[Register button is clicked.]]>
            </line>
            <line>
              <![CDATA[Test case fail due to:- java.lang.AssertionError: Please enter all required fields]]>
            </line>
            <line>
              <![CDATA[<a href='E:\Study Material\Automation_World-Training\workspace\Batch4thMayMavenProject\src\test\resources\screenShots\Failed\TC003_Create_an_Account_20_07_2019_10_49_31.png'> <img src='E:\Study Material\Automation_World-Training\workspace\Batch4thMayMavenProject\src\test\resources\screenShots\Failed\TC003_Create_an_Account_20_07_2019_10_49_31.png' height='100' width='100'/> </a>]]>
            </line>
            <line>
              <![CDATA[*** Script execution for TC003_Create_an_Account is Failed. *** ]]>
            </line>
          </reporter-output>
        </test-method> <!-- TC003_Create_an_Account -->
      </class> <!-- com.companyName.projectName.module.testCases.TC003_Create_An_Account -->
      <class name="com.companyName.projectName.module.testCases.TC005_Create_An_Account">
        <test-method status="PASS" signature="isSkip()[pri:0, instance:com.companyName.projectName.module.testCases.TC005_Create_An_Account@1ebec15]" name="isSkip" is-config="true" duration-ms="0" started-at="2019-07-20T22:49:33Z" finished-at="2019-07-20T22:49:33Z">
          <reporter-output>
          </reporter-output>
        </test-method> <!-- isSkip -->
        <test-method status="PASS" signature="TC005_Create_an_Account(java.util.Hashtable)[pri:0, instance:com.companyName.projectName.module.testCases.TC005_Create_An_Account@1ebec15]" name="TC005_Create_an_Account" duration-ms="24091" started-at="2019-07-20T22:49:33Z" data-provider="Data_Collections" finished-at="2019-07-20T22:49:57Z">
          <params>
            <param index="0">
              <value>
                <![CDATA[{Email_ID=test.test1234@gmail.com, Password=Rahul#124, Iteration=1, Phone_Numer=9850658748, First_Name=Sneha, Address=Singapoor, Last_Name=Soni}]]>
              </value>
            </param>
          </params>
          <reporter-output>
            <line>
              <![CDATA[The Title of the page is :-My Store]]>
            </line>
            <line>
              <![CDATA[signIn button is clicked.]]>
            </line>
            <line>
              <![CDATA[Email ID has been entered.]]>
            </line>
            <line>
              <![CDATA[create an account button is clicked.]]>
            </line>
            <line>
              <![CDATA[Mr. Title is selected.]]>
            </line>
            <line>
              <![CDATA[first_Name has been entered.]]>
            </line>
            <line>
              <![CDATA[last_Name has been entered.]]>
            </line>
            <line>
              <![CDATA[password has been entered.]]>
            </line>
            <line>
              <![CDATA[*** Script execution for TC005_Create_an_Account is completed. *** ]]>
            </line>
          </reporter-output>
        </test-method> <!-- TC005_Create_an_Account -->
      </class> <!-- com.companyName.projectName.module.testCases.TC005_Create_An_Account -->
      <class name="com.companyName.projectName.module.testCases.TC002_Create_An_Account">
        <test-method status="SKIP" signature="isSkip()[pri:0, instance:com.companyName.projectName.module.testCases.TC002_Create_An_Account@3498ed]" name="isSkip" is-config="true" duration-ms="0" started-at="2019-07-20T22:48:41Z" finished-at="2019-07-20T22:48:41Z">
          <exception class="org.testng.SkipException">
            <message>
              <![CDATA[Skipping Test case as it's Run Mode is set to N]]>
            </message>
            <full-stacktrace>
              <![CDATA[org.testng.SkipException: Skipping Test case as it's Run Mode is set to N
	at com.companyName.projectName.module.testCases.TC002_Create_An_Account.isSkip(TC002_Create_An_Account.java:17)
	at sun.reflect.NativeMethodAccessorImpl.invoke0(Native Method)
	at sun.reflect.NativeMethodAccessorImpl.invoke(Unknown Source)
	at sun.reflect.DelegatingMethodAccessorImpl.invoke(Unknown Source)
	at java.lang.reflect.Method.invoke(Unknown Source)
	at org.testng.internal.MethodInvocationHelper.invokeMethod(MethodInvocationHelper.java:85)
	at org.testng.internal.Invoker.invokeConfigurationMethod(Invoker.java:521)
	at org.testng.internal.Invoker.invokeConfigurations(Invoker.java:213)
	at org.testng.internal.Invoker.invokeConfigurations(Invoker.java:140)
	at org.testng.internal.TestMethodWorker.invokeBeforeClassMethods(TestMethodWorker.java:170)
	at org.testng.internal.TestMethodWorker.run(TestMethodWorker.java:104)
	at org.testng.TestRunner.privateRun(TestRunner.java:771)
	at org.testng.TestRunner.run(TestRunner.java:621)
	at org.testng.SuiteRunner.runTest(SuiteRunner.java:357)
	at org.testng.SuiteRunner.runSequentially(SuiteRunner.java:352)
	at org.testng.SuiteRunner.privateRun(SuiteRunner.java:310)
	at org.testng.SuiteRunner.run(SuiteRunner.java:259)
	at org.testng.SuiteRunnerWorker.runSuite(SuiteRunnerWorker.java:52)
	at org.testng.SuiteRunnerWorker.run(SuiteRunnerWorker.java:86)
	at org.testng.TestNG.runSuitesSequentially(TestNG.java:1200)
	at org.testng.TestNG.runSuitesLocally(TestNG.java:1125)
	at org.testng.TestNG.run(TestNG.java:1033)
	at org.testng.remote.RemoteTestNG.run(RemoteTestNG.java:111)
	at org.testng.remote.RemoteTestNG.initAndRun(RemoteTestNG.java:204)
	at org.testng.remote.RemoteTestNG.main(RemoteTestNG.java:175)
]]>
            </full-stacktrace>
          </exception> <!-- org.testng.SkipException -->
          <reporter-output>
          </reporter-output>
        </test-method> <!-- isSkip -->
        <test-method status="SKIP" signature="TC002_Create_an_Account(java.util.Hashtable)[pri:0, instance:com.companyName.projectName.module.testCases.TC002_Create_An_Account@3498ed]" name="TC002_Create_an_Account" duration-ms="0" started-at="2019-07-20T22:48:41Z" data-provider="Data_Collections" finished-at="2019-07-20T22:48:41Z">
          <params>
            <param index="0">
              <value>
                <![CDATA[{Email_ID=test.test1235@gmail.com, Password=Rahul#125, Iteration=1, Phone_Numer=2587456547, First_Name=Namita, Address=USA, Last_Name=Wikhe}]]>
              </value>
            </param>
          </params>
          <reporter-output>
          </reporter-output>
        </test-method> <!-- TC002_Create_an_Account -->
      </class> <!-- com.companyName.projectName.module.testCases.TC002_Create_An_Account -->
      <class name="com.companyName.projectName.module.testCases.TC001_Create_An_Account">
        <test-method status="PASS" signature="loadFilesAndsetUpReports()[pri:0, instance:com.companyName.projectName.module.testCases.TC001_Create_An_Account@11d970]" name="loadFilesAndsetUpReports" is-config="true" duration-ms="1485" started-at="2019-07-20T22:48:12Z" finished-at="2019-07-20T22:48:14Z">
          <reporter-output>
            <line>
              <![CDATA[********* Config file has been loaded ***********]]>
            </line>
            <line>
              <![CDATA[********* OR file has been loaded ***********]]>
            </line>
          </reporter-output>
        </test-method> <!-- loadFilesAndsetUpReports -->
        <test-method status="PASS" signature="TC001_Create_an_Account(java.util.Hashtable)[pri:0, instance:com.companyName.projectName.module.testCases.TC001_Create_An_Account@11d970]" name="TC001_Create_an_Account" duration-ms="25786" started-at="2019-07-20T22:48:14Z" data-provider="Data_Collections" finished-at="2019-07-20T22:48:40Z">
          <params>
            <param index="0">
              <value>
                <![CDATA[{Email_ID=test.test1234@gmail.com, Password=Rahul#124, Iteration=1, Phone_Numer=9850658748, First_Name=Rahul, Address=pune, Last_Name=Ganjare}]]>
              </value>
            </param>
          </params>
          <reporter-output>
            <line>
              <![CDATA[The Title of the page is :-My Store]]>
            </line>
            <line>
              <![CDATA[signIn button is clicked.]]>
            </line>
            <line>
              <![CDATA[Email ID has been entered.]]>
            </line>
            <line>
              <![CDATA[create an account button is clicked.]]>
            </line>
            <line>
              <![CDATA[Mr. Title is selected.]]>
            </line>
            <line>
              <![CDATA[first_Name has been entered.]]>
            </line>
            <line>
              <![CDATA[last_Name has been entered.]]>
            </line>
            <line>
              <![CDATA[password has been entered.]]>
            </line>
            <line>
              <![CDATA[*** Script execution for TC001_Create_an_Account is completed. *** ]]>
            </line>
          </reporter-output>
        </test-method> <!-- TC001_Create_an_Account -->
        <test-method status="PASS" signature="isSkip()[pri:0, instance:com.companyName.projectName.module.testCases.TC001_Create_An_Account@11d970]" name="isSkip" is-config="true" duration-ms="0" started-at="2019-07-20T22:48:14Z" finished-at="2019-07-20T22:48:14Z">
          <reporter-output>
          </reporter-output>
        </test-method> <!-- isSkip -->
        <test-method status="PASS" signature="writeIntoExtentReport()[pri:0, instance:com.companyName.projectName.module.testCases.TC001_Create_An_Account@11d970]" name="writeIntoExtentReport" is-config="true" duration-ms="469" started-at="2019-07-20T22:49:58Z" finished-at="2019-07-20T22:49:59Z">
          <reporter-output>
          </reporter-output>
        </test-method> <!-- writeIntoExtentReport -->
      </class> <!-- com.companyName.projectName.module.testCases.TC001_Create_An_Account -->
    </test> <!-- Default test -->
  </suite> <!-- Default suite -->
</testng-results>
